2021-06-06 10:42:16,625:INFO:
Device: cuda	Device name: GeForce GTX 860M	Total memory: 2004.5
2021-06-06 10:42:16,662:INFO:Before loading model: 
Total:	2004.5 MB
Used:	740.125 MB
Free:	1264.375 MB

2021-06-06 10:42:48,641:INFO:
Device: cuda	Device name: GeForce GTX 860M	Total memory: 2004.5
2021-06-06 10:42:49,407:INFO:Before loading model: 
Total:	2004.5 MB
Used:	748.875 MB
Free:	1255.625 MB

2021-06-06 10:46:29,826:INFO:
Device: cuda	Device name: GeForce GTX 860M	Total memory: 2004.5
2021-06-06 10:46:29,887:INFO:Before loading model: 
Total:	2004.5 MB
Used:	66.625 MB
Free:	1937.875 MB

2021-06-06 10:46:43,548:INFO:After loading model: 
Total:	2004.5 MB
Used:	672.75 MB
Free:	1331.75 MB

2021-06-06 10:46:43,549:INFO:
Testing dimension: 2x2 ...
2021-06-06 10:46:43,549:INFO:
GPU usage before loading the image 2x2...

Total:	2004.5 MB
Used:	672.75 MB
Free:	1331.75 MB

2021-06-06 10:46:47,512:INFO:
GPU usage after loading the image 2x2...

Total:	2004.5 MB
Used:	1290.5 MB
Free:	714.0 MB

2021-06-06 10:46:47,550:INFO:
GPU usage after clearing the iimage 2x2...

Total:	2004.5 MB
Used:	1284.5 MB
Free:	720.0 MB

2021-06-06 10:46:48,064:INFO:
Dimension ok!

2021-06-06 10:46:48,064:INFO:
Testing dimension: 4x4 ...
2021-06-06 10:46:48,064:INFO:
GPU usage before loading the image 4x4...

Total:	2004.5 MB
Used:	673.75 MB
Free:	1330.75 MB

2021-06-06 10:46:51,889:INFO:
GPU usage after loading the image 4x4...

Total:	2004.5 MB
Used:	1290.5 MB
Free:	714.0 MB

2021-06-06 10:46:51,925:INFO:
GPU usage after clearing the iimage 4x4...

Total:	2004.5 MB
Used:	1284.5 MB
Free:	720.0 MB

2021-06-06 10:46:52,262:INFO:
Dimension ok!

2021-06-06 10:46:52,262:INFO:
Testing dimension: 8x8 ...
2021-06-06 10:46:52,262:INFO:
GPU usage before loading the image 8x8...

Total:	2004.5 MB
Used:	673.75 MB
Free:	1330.75 MB

2021-06-06 10:46:56,450:INFO:
GPU usage after loading the image 8x8...

Total:	2004.5 MB
Used:	1313.0 MB
Free:	691.5 MB

2021-06-06 10:46:56,493:INFO:
GPU usage after clearing the iimage 8x8...

Total:	2004.5 MB
Used:	1287.0 MB
Free:	717.5 MB

2021-06-06 10:46:56,841:INFO:
Dimension ok!

2021-06-06 10:46:56,841:INFO:
Testing dimension: 16x16 ...
2021-06-06 10:46:56,841:INFO:
GPU usage before loading the image 16x16...

Total:	2004.5 MB
Used:	676.25 MB
Free:	1328.25 MB

2021-06-06 10:47:01,434:INFO:
GPU usage after loading the image 16x16...

Total:	2004.5 MB
Used:	1316.625 MB
Free:	687.875 MB

2021-06-06 10:47:01,473:INFO:
GPU usage after clearing the iimage 16x16...

Total:	2004.5 MB
Used:	1290.625 MB
Free:	713.875 MB

2021-06-06 10:47:01,799:INFO:
Dimension ok!

2021-06-06 10:47:01,799:INFO:
Testing dimension: 32x32 ...
2021-06-06 10:47:01,799:INFO:
GPU usage before loading the image 32x32...

Total:	2004.5 MB
Used:	681.875 MB
Free:	1322.625 MB

2021-06-06 10:47:06,694:INFO:
GPU usage after loading the image 32x32...

Total:	2004.5 MB
Used:	1325.5 MB
Free:	679.0 MB

2021-06-06 10:47:06,749:INFO:
GPU usage after clearing the iimage 32x32...

Total:	2004.5 MB
Used:	1301.5 MB
Free:	703.0 MB

2021-06-06 10:47:07,233:INFO:
Dimension ok!

2021-06-06 10:47:07,234:INFO:
Testing dimension: 64x64 ...
2021-06-06 10:47:07,234:INFO:
GPU usage before loading the image 64x64...

Total:	2004.5 MB
Used:	688.75 MB
Free:	1315.75 MB

2021-06-06 10:47:11,700:INFO:
GPU usage after loading the image 64x64...

Total:	2004.5 MB
Used:	1341.5 MB
Free:	663.0 MB

2021-06-06 10:47:11,752:INFO:
GPU usage after clearing the iimage 64x64...

Total:	2004.5 MB
Used:	1301.5 MB
Free:	703.0 MB

2021-06-06 10:47:12,145:INFO:
Dimension ok!

2021-06-06 10:47:12,145:INFO:
Testing dimension: 128x128 ...
2021-06-06 10:47:12,146:INFO:
GPU usage before loading the image 128x128...

Total:	2004.5 MB
Used:	688.75 MB
Free:	1315.75 MB

2021-06-06 10:47:16,063:INFO:
GPU usage after loading the image 128x128...

Total:	2004.5 MB
Used:	1485.5 MB
Free:	519.0 MB

2021-06-06 10:47:16,201:INFO:
GPU usage after clearing the iimage 128x128...

Total:	2004.5 MB
Used:	1321.5 MB
Free:	683.0 MB

2021-06-06 10:47:16,588:INFO:
Dimension ok!

2021-06-06 10:47:16,588:INFO:
Testing dimension: 256x256 ...
2021-06-06 10:47:16,589:INFO:
GPU usage before loading the image 256x256...

Total:	2004.5 MB
Used:	688.75 MB
Free:	1315.75 MB

2021-06-06 10:47:21,106:INFO:
GPU usage after loading the image 256x256...

Total:	2004.5 MB
Used:	1850.75 MB
Free:	153.75 MB

2021-06-06 10:47:21,267:INFO:
GPU usage after clearing the iimage 256x256...

Total:	2004.5 MB
Used:	1322.75 MB
Free:	681.75 MB

2021-06-06 10:47:21,620:INFO:
Dimension ok!

2021-06-06 10:47:21,620:INFO:
Testing dimension: 512x512 ...
2021-06-06 10:47:21,621:INFO:
GPU usage before loading the image 512x512...

Total:	2004.5 MB
Used:	694.0 MB
Free:	1310.5 MB

2021-06-06 10:47:27,092:ERROR:
Dimension NOT OK!

2021-06-06 10:47:27,093:INFO:
GPU usage after dimension exception...

Total:	2004.5 MB
Used:	694.0 MB
Free:	1310.5 MB

2021-06-06 10:47:27,146:INFO:
GPU usage after clearing the image 512x512...

Total:	2004.5 MB
Used:	688.0 MB
Free:	1316.5 MB

2021-06-06 10:47:27,182:INFO:
Testing dimension: 512x512 ...
2021-06-06 10:47:27,217:INFO:
GPU usage before loading the image 512x512...

Total:	2004.5 MB
Used:	688.0 MB
Free:	1316.5 MB

2021-06-06 10:47:32,221:ERROR:
Dimension NOT OK!

2021-06-06 10:47:32,221:INFO:
GPU usage after dimension exception...

Total:	2004.5 MB
Used:	688.0 MB
Free:	1316.5 MB

2021-06-06 10:47:32,222:INFO:
GPU usage after clearing the image 512x512...

Total:	2004.5 MB
Used:	688.0 MB
Free:	1316.5 MB

2021-06-06 10:47:32,264:INFO:
Testing dimension: 256x256 ...
2021-06-06 10:47:32,299:INFO:
GPU usage before loading the image 256x256...

Total:	2004.5 MB
Used:	688.0 MB
Free:	1316.5 MB

2021-06-06 10:47:36,353:INFO:
GPU usage after loading the image 256x256...

Total:	2004.5 MB
Used:	1844.75 MB
Free:	159.75 MB

2021-06-06 10:47:36,477:INFO:
GPU usage after clearing the iimage 256x256...

Total:	2004.5 MB
Used:	1316.75 MB
Free:	687.75 MB

2021-06-06 10:47:36,806:INFO:
Dimension ok!

2021-06-06 10:47:36,853:INFO:
Testing dimension: 384x384 ...
2021-06-06 10:47:36,891:INFO:
GPU usage before loading the image 384x384...

Total:	2004.5 MB
Used:	688.0 MB
Free:	1316.5 MB

2021-06-06 10:47:41,487:ERROR:
Dimension NOT OK!

2021-06-06 10:47:41,487:INFO:
GPU usage after dimension exception...

Total:	2004.5 MB
Used:	688.0 MB
Free:	1316.5 MB

2021-06-06 10:47:41,488:INFO:
GPU usage after clearing the image 384x384...

Total:	2004.5 MB
Used:	688.0 MB
Free:	1316.5 MB

2021-06-06 10:47:41,533:INFO:
Testing dimension: 320x320 ...
2021-06-06 10:47:41,571:INFO:
GPU usage before loading the image 320x320...

Total:	2004.5 MB
Used:	688.0 MB
Free:	1316.5 MB

2021-06-06 10:47:46,357:ERROR:
Dimension NOT OK!

2021-06-06 10:47:46,358:INFO:
GPU usage after dimension exception...

Total:	2004.5 MB
Used:	688.375 MB
Free:	1316.125 MB

2021-06-06 10:47:46,358:INFO:
GPU usage after clearing the image 320x320...

Total:	2004.5 MB
Used:	688.375 MB
Free:	1316.125 MB

2021-06-06 10:47:46,404:INFO:
Testing dimension: 288x288 ...
2021-06-06 10:47:46,441:INFO:
GPU usage before loading the image 288x288...

Total:	2004.5 MB
Used:	688.375 MB
Free:	1316.125 MB

2021-06-06 10:47:50,723:INFO:
GPU usage after loading the image 288x288...

Total:	2004.5 MB
Used:	1994.125 MB
Free:	10.375 MB

2021-06-06 10:47:50,860:INFO:
GPU usage after clearing the iimage 288x288...

Total:	2004.5 MB
Used:	1324.125 MB
Free:	680.375 MB

2021-06-06 10:47:51,197:INFO:
Dimension ok!

2021-06-06 10:47:51,254:INFO:
Testing dimension: 304x304 ...
2021-06-06 10:47:51,297:INFO:
GPU usage before loading the image 304x304...

Total:	2004.5 MB
Used:	689.375 MB
Free:	1315.125 MB

2021-06-06 10:47:55,924:ERROR:
Dimension NOT OK!

2021-06-06 10:47:55,924:INFO:
GPU usage after dimension exception...

Total:	2004.5 MB
Used:	689.375 MB
Free:	1315.125 MB

2021-06-06 10:47:55,924:INFO:
GPU usage after clearing the image 304x304...

Total:	2004.5 MB
Used:	689.375 MB
Free:	1315.125 MB

2021-06-06 10:47:55,967:INFO:
Testing dimension: 296x296 ...
2021-06-06 10:47:56,002:INFO:
GPU usage before loading the image 296x296...

Total:	2004.5 MB
Used:	689.375 MB
Free:	1315.125 MB

2021-06-06 10:48:00,477:ERROR:
Dimension NOT OK!

2021-06-06 10:48:00,478:INFO:
GPU usage after dimension exception...

Total:	2004.5 MB
Used:	689.375 MB
Free:	1315.125 MB

2021-06-06 10:48:00,478:INFO:
GPU usage after clearing the image 296x296...

Total:	2004.5 MB
Used:	689.375 MB
Free:	1315.125 MB

2021-06-06 10:48:00,535:INFO:
Testing dimension: 292x292 ...
2021-06-06 10:48:00,582:INFO:
GPU usage before loading the image 292x292...

Total:	2004.5 MB
Used:	689.375 MB
Free:	1315.125 MB

2021-06-06 10:48:05,176:ERROR:
Dimension NOT OK!

2021-06-06 10:48:05,176:INFO:
GPU usage after dimension exception...

Total:	2004.5 MB
Used:	689.375 MB
Free:	1315.125 MB

2021-06-06 10:48:05,177:INFO:
GPU usage after clearing the image 292x292...

Total:	2004.5 MB
Used:	689.375 MB
Free:	1315.125 MB

2021-06-06 10:48:05,221:INFO:
Testing dimension: 290x290 ...
2021-06-06 10:48:05,255:INFO:
GPU usage before loading the image 290x290...

Total:	2004.5 MB
Used:	689.375 MB
Free:	1315.125 MB

2021-06-06 10:48:09,737:ERROR:
Dimension NOT OK!

2021-06-06 10:48:09,737:INFO:
GPU usage after dimension exception...

Total:	2004.5 MB
Used:	689.375 MB
Free:	1315.125 MB

2021-06-06 10:48:09,738:INFO:
GPU usage after clearing the image 290x290...

Total:	2004.5 MB
Used:	689.375 MB
Free:	1315.125 MB

2021-06-06 10:48:09,780:INFO:
Testing dimension: 289x289 ...
2021-06-06 10:48:09,815:INFO:
GPU usage before loading the image 289x289...

Total:	2004.5 MB
Used:	689.375 MB
Free:	1315.125 MB

2021-06-06 10:48:14,286:INFO:
GPU usage after loading the image 289x289...

Total:	2004.5 MB
Used:	2000.75 MB
Free:	3.75 MB

2021-06-06 10:48:14,431:INFO:
GPU usage after clearing the iimage 289x289...

Total:	2004.5 MB
Used:	1322.75 MB
Free:	681.75 MB

2021-06-06 10:48:14,789:INFO:
Dimension ok!

2021-06-06 10:48:14,834:INFO:
Testing dimension: 289x289 ...
2021-06-06 10:48:14,872:INFO:
GPU usage before loading the image 289x289...

Total:	2004.5 MB
Used:	688.375 MB
Free:	1316.125 MB

2021-06-06 10:48:16,528:INFO:
Device: cuda	Device name: GeForce GTX 860M	Total memory: 2004.5
2021-06-06 10:48:16,564:INFO:Before loading model: 
Total:	2004.5 MB
Used:	89.625 MB
Free:	1914.875 MB

2021-06-06 10:48:19,263:INFO:After loading model: 
Total:	2004.5 MB
Used:	695.375 MB
Free:	1309.125 MB

