2021-06-29 15:13:51,877:INFO:
Device: cuda	Device name: GeForce GTX 860M	Total memory: 2004.5
2021-06-29 15:13:51,878:INFO:Before loading model: 
Total:	2004.5 MB
Used:	1944.5625 MB
Free:	59.9375 MB

2021-06-29 15:13:54,637:INFO:GPU stat before dimension: 269
Total:	2004.5 MB
Used:	1945.9375 MB
Free:	58.5625 MB

2021-06-29 15:13:57,056:INFO:Error: Dimension: 269, Batch size : 1
2021-06-29 15:13:57,057:INFO:GPU stat after batch size error:
Total:	2004.5 MB
Used:	1946.1875 MB
Free:	58.3125 MB

2021-06-29 15:13:57,058:INFO:GPU stat before dimension: 268
Total:	2004.5 MB
Used:	1946.1875 MB
Free:	58.3125 MB

2021-06-29 15:13:59,701:INFO:Error: Dimension: 268, Batch size : 1
2021-06-29 15:13:59,701:INFO:GPU stat after batch size error:
Total:	2004.5 MB
Used:	1946.3125 MB
Free:	58.1875 MB

2021-06-29 15:13:59,702:INFO:GPU stat before dimension: 267
Total:	2004.5 MB
Used:	1946.3125 MB
Free:	58.1875 MB

2021-06-29 15:14:01,654:INFO:Error: Dimension: 267, Batch size : 1
2021-06-29 15:14:01,655:INFO:GPU stat after batch size error:
Total:	2004.5 MB
Used:	1946.4375 MB
Free:	58.0625 MB

2021-06-29 15:14:01,656:INFO:GPU stat before dimension: 266
Total:	2004.5 MB
Used:	1946.4375 MB
Free:	58.0625 MB

2021-06-29 15:14:03,443:INFO:Error: Dimension: 266, Batch size : 1
2021-06-29 15:14:03,444:INFO:GPU stat after batch size error:
Total:	2004.5 MB
Used:	1946.5625 MB
Free:	57.9375 MB

2021-06-29 15:14:03,445:INFO:GPU stat before dimension: 265
Total:	2004.5 MB
Used:	1946.5625 MB
Free:	57.9375 MB

2021-06-29 15:14:05,247:INFO:Error: Dimension: 265, Batch size : 1
2021-06-29 15:14:05,248:INFO:GPU stat after batch size error:
Total:	2004.5 MB
Used:	1944.6875 MB
Free:	59.8125 MB

2021-06-29 15:14:05,249:INFO:GPU stat before dimension: 264
Total:	2004.5 MB
Used:	1944.6875 MB
Free:	59.8125 MB

2021-06-29 15:14:07,095:INFO:Error: Dimension: 264, Batch size : 1
2021-06-29 15:14:07,095:INFO:GPU stat after batch size error:
Total:	2004.5 MB
Used:	1944.6875 MB
Free:	59.8125 MB

2021-06-29 15:14:07,096:INFO:GPU stat before dimension: 263
Total:	2004.5 MB
Used:	1944.6875 MB
Free:	59.8125 MB

2021-06-29 15:14:08,965:INFO:Error: Dimension: 263, Batch size : 1
2021-06-29 15:14:08,966:INFO:GPU stat after batch size error:
Total:	2004.5 MB
Used:	1944.6875 MB
Free:	59.8125 MB

2021-06-29 15:14:08,967:INFO:GPU stat before dimension: 262
Total:	2004.5 MB
Used:	1944.6875 MB
Free:	59.8125 MB

2021-06-29 15:37:52,462:INFO:
Device: cuda	Device name: GeForce GTX 860M	Total memory: 2004.5
2021-06-29 15:37:52,463:INFO:Before loading model: 
Total:	2004.5 MB
Used:	207.375 MB
Free:	1797.125 MB

2021-06-29 15:37:55,184:INFO:After loading model: 
Total:	2004.5 MB
Used:	813.125 MB
Free:	1191.375 MB

2021-06-29 15:37:55,184:INFO:
Testing dimension: 2x2 ...
2021-06-29 15:37:55,185:INFO:
GPU usage before loading the image 2x2...

Total:	2004.5 MB
Used:	813.125 MB
Free:	1191.375 MB

2021-06-29 15:37:59,544:INFO:
GPU usage after loading the image 2x2...

Total:	2004.5 MB
Used:	1429.875 MB
Free:	574.625 MB

2021-06-29 15:37:59,547:INFO:
GPU usage after clearing the image 2x2...

Total:	2004.5 MB
Used:	1423.875 MB
Free:	580.625 MB

2021-06-29 15:38:00,748:INFO:
Dimension ok!

2021-06-29 15:38:00,749:INFO:
Testing dimension: 4x4 ...
2021-06-29 15:38:00,749:INFO:
GPU usage before loading the image 4x4...

Total:	2004.5 MB
Used:	813.125 MB
Free:	1191.375 MB

2021-06-29 15:38:06,290:INFO:
GPU usage after loading the image 4x4...

Total:	2004.5 MB
Used:	1431.375 MB
Free:	573.125 MB

2021-06-29 15:38:06,291:INFO:
GPU usage after clearing the image 4x4...

Total:	2004.5 MB
Used:	1425.375 MB
Free:	579.125 MB

2021-06-29 15:38:06,653:INFO:
Dimension ok!

2021-06-29 15:38:06,653:INFO:
Testing dimension: 8x8 ...
2021-06-29 15:38:06,654:INFO:
GPU usage before loading the image 8x8...

Total:	2004.5 MB
Used:	814.625 MB
Free:	1189.875 MB

2021-06-29 15:38:10,561:INFO:
GPU usage after loading the image 8x8...

Total:	2004.5 MB
Used:	1451.375 MB
Free:	553.125 MB

2021-06-29 15:38:10,564:INFO:
GPU usage after clearing the image 8x8...

Total:	2004.5 MB
Used:	1425.375 MB
Free:	579.125 MB

2021-06-29 15:38:10,921:INFO:
Dimension ok!

2021-06-29 15:38:10,921:INFO:
Testing dimension: 16x16 ...
2021-06-29 15:38:10,922:INFO:
GPU usage before loading the image 16x16...

Total:	2004.5 MB
Used:	814.625 MB
Free:	1189.875 MB

2021-06-29 15:38:14,937:INFO:
GPU usage after loading the image 16x16...

Total:	2004.5 MB
Used:	1451.375 MB
Free:	553.125 MB

2021-06-29 15:38:14,940:INFO:
GPU usage after clearing the image 16x16...

Total:	2004.5 MB
Used:	1425.375 MB
Free:	579.125 MB

2021-06-29 15:38:15,313:INFO:
Dimension ok!

2021-06-29 15:38:15,314:INFO:
Testing dimension: 32x32 ...
2021-06-29 15:38:15,314:INFO:
GPU usage before loading the image 32x32...

Total:	2004.5 MB
Used:	814.625 MB
Free:	1189.875 MB

2021-06-29 15:38:19,159:INFO:
GPU usage after loading the image 32x32...

Total:	2004.5 MB
Used:	1450.75 MB
Free:	553.75 MB

2021-06-29 15:38:19,162:INFO:
GPU usage after clearing the image 32x32...

Total:	2004.5 MB
Used:	1426.75 MB
Free:	577.75 MB

2021-06-29 15:38:19,522:INFO:
Dimension ok!

2021-06-29 15:38:19,522:INFO:
Testing dimension: 64x64 ...
2021-06-29 15:38:19,522:INFO:
GPU usage before loading the image 64x64...

Total:	2004.5 MB
Used:	814.0 MB
Free:	1190.5 MB

2021-06-29 15:38:23,425:INFO:
GPU usage after loading the image 64x64...

Total:	2004.5 MB
Used:	1466.75 MB
Free:	537.75 MB

2021-06-29 15:38:23,448:INFO:
GPU usage after clearing the image 64x64...

Total:	2004.5 MB
Used:	1426.75 MB
Free:	577.75 MB

2021-06-29 15:38:23,825:INFO:
Dimension ok!

2021-06-29 15:38:23,825:INFO:
Testing dimension: 128x128 ...
2021-06-29 15:38:23,826:INFO:
GPU usage before loading the image 128x128...

Total:	2004.5 MB
Used:	814.0 MB
Free:	1190.5 MB

2021-06-29 15:38:27,702:INFO:
GPU usage after loading the image 128x128...

Total:	2004.5 MB
Used:	1610.75 MB
Free:	393.75 MB

2021-06-29 15:38:27,815:INFO:
GPU usage after clearing the image 128x128...

Total:	2004.5 MB
Used:	1446.75 MB
Free:	557.75 MB

2021-06-29 15:38:28,170:INFO:
Dimension ok!

2021-06-29 15:38:28,170:INFO:
Testing dimension: 256x256 ...
2021-06-29 15:38:28,171:INFO:
GPU usage before loading the image 256x256...

Total:	2004.5 MB
Used:	814.0 MB
Free:	1190.5 MB

2021-06-29 15:38:32,412:INFO:
GPU usage after loading the image 256x256...

Total:	2004.5 MB
Used:	1972.0 MB
Free:	32.5 MB

2021-06-29 15:38:32,506:INFO:
GPU usage after clearing the image 256x256...

Total:	2004.5 MB
Used:	1444.0 MB
Free:	560.5 MB

2021-06-29 15:38:32,867:INFO:
Dimension ok!

2021-06-29 15:38:32,867:INFO:
Testing dimension: 512x512 ...
2021-06-29 15:38:32,869:INFO:
GPU usage before loading the image 512x512...

Total:	2004.5 MB
Used:	815.25 MB
Free:	1189.25 MB

2021-06-29 15:38:37,975:ERROR:
Dimension NOT OK!

2021-06-29 15:38:37,976:INFO:
GPU usage after dimension exception...

Total:	2004.5 MB
Used:	814.5 MB
Free:	1190.0 MB

2021-06-29 15:38:37,996:INFO:
GPU usage after clearing the image 512x512...

Total:	2004.5 MB
Used:	808.5 MB
Free:	1196.0 MB

2021-06-29 15:38:37,996:INFO:
Testing dimension: 512x512 ...
2021-06-29 15:38:37,997:INFO:
GPU usage before loading the image 512x512...

Total:	2004.5 MB
Used:	808.5 MB
Free:	1196.0 MB

2021-06-29 15:38:43,160:ERROR:
Dimension NOT OK!

2021-06-29 15:38:43,160:INFO:
GPU usage after dimension exception...

Total:	2004.5 MB
Used:	808.75 MB
Free:	1195.75 MB

2021-06-29 15:38:43,161:INFO:
GPU usage after clearing the image 512x512...

Total:	2004.5 MB
Used:	808.75 MB
Free:	1195.75 MB

2021-06-29 15:38:43,161:INFO:
Testing dimension: 256x256 ...
2021-06-29 15:38:43,161:INFO:
GPU usage before loading the image 256x256...

Total:	2004.5 MB
Used:	808.75 MB
Free:	1195.75 MB

2021-06-29 15:38:47,324:INFO:
GPU usage after loading the image 256x256...

Total:	2004.5 MB
Used:	1965.25 MB
Free:	39.25 MB

2021-06-29 15:38:47,417:INFO:
GPU usage after clearing the image 256x256...

Total:	2004.5 MB
Used:	1437.25 MB
Free:	567.25 MB

2021-06-29 15:38:47,782:INFO:
Dimension ok!

2021-06-29 15:38:47,782:INFO:
Testing dimension: 384x384 ...
2021-06-29 15:38:47,783:INFO:
GPU usage before loading the image 384x384...

Total:	2004.5 MB
Used:	808.5 MB
Free:	1196.0 MB

2021-06-29 15:38:52,546:ERROR:
Dimension NOT OK!

2021-06-29 15:38:52,546:INFO:
GPU usage after dimension exception...

Total:	2004.5 MB
Used:	808.5 MB
Free:	1196.0 MB

2021-06-29 15:38:52,547:INFO:
GPU usage after clearing the image 384x384...

Total:	2004.5 MB
Used:	808.5 MB
Free:	1196.0 MB

2021-06-29 15:38:52,547:INFO:
Testing dimension: 320x320 ...
2021-06-29 15:38:52,547:INFO:
GPU usage before loading the image 320x320...

Total:	2004.5 MB
Used:	808.5 MB
Free:	1196.0 MB

2021-06-29 15:38:57,265:ERROR:
Dimension NOT OK!

2021-06-29 15:38:57,266:INFO:
GPU usage after dimension exception...

Total:	2004.5 MB
Used:	808.5 MB
Free:	1196.0 MB

2021-06-29 15:38:57,266:INFO:
GPU usage after clearing the image 320x320...

Total:	2004.5 MB
Used:	808.5 MB
Free:	1196.0 MB

2021-06-29 15:38:57,266:INFO:
Testing dimension: 288x288 ...
2021-06-29 15:38:57,267:INFO:
GPU usage before loading the image 288x288...

Total:	2004.5 MB
Used:	808.5 MB
Free:	1196.0 MB

2021-06-29 15:39:01,863:ERROR:
Dimension NOT OK!

2021-06-29 15:39:01,864:INFO:
GPU usage after dimension exception...

Total:	2004.5 MB
Used:	808.5 MB
Free:	1196.0 MB

2021-06-29 15:39:01,864:INFO:
GPU usage after clearing the image 288x288...

Total:	2004.5 MB
Used:	808.5 MB
Free:	1196.0 MB

2021-06-29 15:39:01,864:INFO:
Testing dimension: 272x272 ...
2021-06-29 15:39:01,864:INFO:
GPU usage before loading the image 272x272...

Total:	2004.5 MB
Used:	808.5 MB
Free:	1196.0 MB

2021-06-29 15:39:06,422:ERROR:
Dimension NOT OK!

2021-06-29 15:39:06,423:INFO:
GPU usage after dimension exception...

Total:	2004.5 MB
Used:	808.5 MB
Free:	1196.0 MB

2021-06-29 15:39:06,423:INFO:
GPU usage after clearing the image 272x272...

Total:	2004.5 MB
Used:	808.5 MB
Free:	1196.0 MB

2021-06-29 15:39:06,423:INFO:
Testing dimension: 264x264 ...
2021-06-29 15:39:06,423:INFO:
GPU usage before loading the image 264x264...

Total:	2004.5 MB
Used:	808.5 MB
Free:	1196.0 MB

2021-06-29 15:39:10,988:ERROR:
Dimension NOT OK!

2021-06-29 15:39:10,988:INFO:
GPU usage after dimension exception...

Total:	2004.5 MB
Used:	808.5 MB
Free:	1196.0 MB

2021-06-29 15:39:10,989:INFO:
GPU usage after clearing the image 264x264...

Total:	2004.5 MB
Used:	808.5 MB
Free:	1196.0 MB

2021-06-29 15:39:10,989:INFO:
Testing dimension: 260x260 ...
2021-06-29 15:39:10,989:INFO:
GPU usage before loading the image 260x260...

Total:	2004.5 MB
Used:	808.5 MB
Free:	1196.0 MB

2021-06-29 15:39:15,255:INFO:
GPU usage after loading the image 260x260...

Total:	2004.5 MB
Used:	1989.25 MB
Free:	15.25 MB

2021-06-29 15:39:15,354:INFO:
GPU usage after clearing the image 260x260...

Total:	2004.5 MB
Used:	1439.25 MB
Free:	565.25 MB

2021-06-29 15:39:15,731:INFO:
Dimension ok!

2021-06-29 15:39:15,731:INFO:
Testing dimension: 262x262 ...
2021-06-29 15:39:15,731:INFO:
GPU usage before loading the image 262x262...

Total:	2004.5 MB
Used:	808.5 MB
Free:	1196.0 MB

2021-06-29 15:39:19,936:INFO:
GPU usage after loading the image 262x262...

Total:	2004.5 MB
Used:	1997.25 MB
Free:	7.25 MB

2021-06-29 15:39:20,034:INFO:
GPU usage after clearing the image 262x262...

Total:	2004.5 MB
Used:	1439.25 MB
Free:	565.25 MB

2021-06-29 15:39:20,400:INFO:
Dimension ok!

2021-06-29 15:39:20,401:INFO:
Testing dimension: 263x263 ...
2021-06-29 15:39:20,401:INFO:
GPU usage before loading the image 263x263...

Total:	2004.5 MB
Used:	808.5 MB
Free:	1196.0 MB

2021-06-29 15:39:24,560:INFO:
GPU usage after loading the image 263x263...

Total:	2004.5 MB
Used:	2001.25 MB
Free:	3.25 MB

2021-06-29 15:39:24,658:INFO:
GPU usage after clearing the image 263x263...

Total:	2004.5 MB
Used:	1439.25 MB
Free:	565.25 MB

2021-06-29 15:39:25,017:INFO:
Dimension ok!

2021-06-29 15:39:25,018:INFO:
Testing dimension: 263x263 ...
2021-06-29 15:39:25,018:INFO:
GPU usage before loading the image 263x263...

Total:	2004.5 MB
Used:	808.5 MB
Free:	1196.0 MB

2021-06-29 15:43:02,516:INFO:
Device: cuda	Device name: GeForce GTX 860M	Total memory: 2004.5
2021-06-29 15:43:02,517:INFO:Before loading model: 
Total:	2004.5 MB
Used:	208.5 MB
Free:	1796.0 MB

2021-06-29 15:43:05,253:INFO:After loading model: 
Total:	2004.5 MB
Used:	814.25 MB
Free:	1190.25 MB

2021-06-29 15:43:05,253:INFO:
Testing dimension: 2x2 ...
2021-06-29 15:43:05,254:INFO:
GPU usage before loading the image 2x2...

Total:	2004.5 MB
Used:	814.25 MB
Free:	1190.25 MB

2021-06-29 15:43:09,287:INFO:
GPU usage after loading the image 2x2...

Total:	2004.5 MB
Used:	1431.25 MB
Free:	573.25 MB

2021-06-29 15:43:09,289:INFO:
GPU usage after clearing the image 2x2...

Total:	2004.5 MB
Used:	1425.25 MB
Free:	579.25 MB

2021-06-29 15:43:09,639:INFO:
Dimension ok!

2021-06-29 15:43:09,640:INFO:
Testing dimension: 4x4 ...
2021-06-29 15:43:09,640:INFO:
GPU usage before loading the image 4x4...

Total:	2004.5 MB
Used:	814.5 MB
Free:	1190.0 MB

2021-06-29 15:43:13,947:INFO:
GPU usage after loading the image 4x4...

Total:	2004.5 MB
Used:	1431.25 MB
Free:	573.25 MB

2021-06-29 15:43:13,949:INFO:
GPU usage after clearing the image 4x4...

Total:	2004.5 MB
Used:	1425.25 MB
Free:	579.25 MB

2021-06-29 15:43:14,303:INFO:
Dimension ok!

2021-06-29 15:43:14,303:INFO:
Testing dimension: 8x8 ...
2021-06-29 15:43:14,304:INFO:
GPU usage before loading the image 8x8...

Total:	2004.5 MB
Used:	814.5 MB
Free:	1190.0 MB

2021-06-29 15:43:18,164:INFO:
GPU usage after loading the image 8x8...

Total:	2004.5 MB
Used:	1451.25 MB
Free:	553.25 MB

2021-06-29 15:43:18,167:INFO:
GPU usage after clearing the image 8x8...

Total:	2004.5 MB
Used:	1425.25 MB
Free:	579.25 MB

2021-06-29 15:43:18,541:INFO:
Dimension ok!

2021-06-29 15:43:18,541:INFO:
Testing dimension: 16x16 ...
2021-06-29 15:43:18,542:INFO:
GPU usage before loading the image 16x16...

Total:	2004.5 MB
Used:	814.75 MB
Free:	1189.75 MB

2021-06-29 15:43:22,424:INFO:
GPU usage after loading the image 16x16...

Total:	2004.5 MB
Used:	1451.5 MB
Free:	553.0 MB

2021-06-29 15:43:22,427:INFO:
GPU usage after clearing the image 16x16...

Total:	2004.5 MB
Used:	1425.5 MB
Free:	579.0 MB

2021-06-29 15:43:22,778:INFO:
Dimension ok!

2021-06-29 15:43:22,778:INFO:
Testing dimension: 32x32 ...
2021-06-29 15:43:22,779:INFO:
GPU usage before loading the image 32x32...

Total:	2004.5 MB
Used:	814.75 MB
Free:	1189.75 MB

2021-06-29 15:43:26,664:INFO:
GPU usage after loading the image 32x32...

Total:	2004.5 MB
Used:	1451.5 MB
Free:	553.0 MB

2021-06-29 15:43:26,667:INFO:
GPU usage after clearing the image 32x32...

Total:	2004.5 MB
Used:	1427.5 MB
Free:	577.0 MB

2021-06-29 15:43:27,036:INFO:
Dimension ok!

2021-06-29 15:43:27,036:INFO:
Testing dimension: 64x64 ...
2021-06-29 15:43:27,036:INFO:
GPU usage before loading the image 64x64...

Total:	2004.5 MB
Used:	814.75 MB
Free:	1189.75 MB

2021-06-29 15:43:30,892:INFO:
GPU usage after loading the image 64x64...

Total:	2004.5 MB
Used:	1467.5 MB
Free:	537.0 MB

2021-06-29 15:43:30,922:INFO:
GPU usage after clearing the image 64x64...

Total:	2004.5 MB
Used:	1427.5 MB
Free:	577.0 MB

2021-06-29 15:43:31,281:INFO:
Dimension ok!

2021-06-29 15:43:31,282:INFO:
Testing dimension: 128x128 ...
2021-06-29 15:43:31,282:INFO:
GPU usage before loading the image 128x128...

Total:	2004.5 MB
Used:	814.75 MB
Free:	1189.75 MB

2021-06-29 15:43:35,141:INFO:
GPU usage after loading the image 128x128...

Total:	2004.5 MB
Used:	1611.5 MB
Free:	393.0 MB

2021-06-29 15:43:35,252:INFO:
GPU usage after clearing the image 128x128...

Total:	2004.5 MB
Used:	1447.5 MB
Free:	557.0 MB

2021-06-29 15:43:35,602:INFO:
Dimension ok!

2021-06-29 15:43:35,602:INFO:
Testing dimension: 256x256 ...
2021-06-29 15:43:35,603:INFO:
GPU usage before loading the image 256x256...

Total:	2004.5 MB
Used:	814.75 MB
Free:	1189.75 MB

2021-06-29 15:43:39,756:INFO:
GPU usage after loading the image 256x256...

Total:	2004.5 MB
Used:	1971.5 MB
Free:	33.0 MB

2021-06-29 15:43:39,850:INFO:
GPU usage after clearing the image 256x256...

Total:	2004.5 MB
Used:	1443.5 MB
Free:	561.0 MB

2021-06-29 15:43:40,202:INFO:
Dimension ok!

2021-06-29 15:43:40,202:INFO:
Testing dimension: 512x512 ...
2021-06-29 15:43:40,203:INFO:
GPU usage before loading the image 512x512...

Total:	2004.5 MB
Used:	814.75 MB
Free:	1189.75 MB

2021-06-29 15:43:45,353:ERROR:
Dimension NOT OK!

2021-06-29 15:43:45,354:INFO:
GPU usage after dimension exception...

Total:	2004.5 MB
Used:	814.75 MB
Free:	1189.75 MB

2021-06-29 15:43:45,375:INFO:
GPU usage after clearing the image 512x512...

Total:	2004.5 MB
Used:	808.75 MB
Free:	1195.75 MB

2021-06-29 15:43:45,375:INFO:
Testing dimension: 512x512 ...
2021-06-29 15:43:45,375:INFO:
GPU usage before loading the image 512x512...

Total:	2004.5 MB
Used:	808.75 MB
Free:	1195.75 MB

2021-06-29 15:43:50,429:ERROR:
Dimension NOT OK!

2021-06-29 15:43:50,430:INFO:
GPU usage after dimension exception...

Total:	2004.5 MB
Used:	808.75 MB
Free:	1195.75 MB

2021-06-29 15:43:50,430:INFO:
GPU usage after clearing the image 512x512...

Total:	2004.5 MB
Used:	808.75 MB
Free:	1195.75 MB

2021-06-29 15:43:50,430:INFO:
Testing dimension: 256x256 ...
2021-06-29 15:43:50,430:INFO:
GPU usage before loading the image 256x256...

Total:	2004.5 MB
Used:	808.75 MB
Free:	1195.75 MB

2021-06-29 15:43:54,556:INFO:
GPU usage after loading the image 256x256...

Total:	2004.5 MB
Used:	1965.5 MB
Free:	39.0 MB

2021-06-29 15:43:54,650:INFO:
GPU usage after clearing the image 256x256...

Total:	2004.5 MB
Used:	1437.5 MB
Free:	567.0 MB

2021-06-29 15:43:55,003:INFO:
Dimension ok!

2021-06-29 15:43:55,004:INFO:
Testing dimension: 384x384 ...
2021-06-29 15:43:55,004:INFO:
GPU usage before loading the image 384x384...

Total:	2004.5 MB
Used:	808.75 MB
Free:	1195.75 MB

2021-06-29 15:43:59,725:ERROR:
Dimension NOT OK!

2021-06-29 15:43:59,726:INFO:
GPU usage after dimension exception...

Total:	2004.5 MB
Used:	808.75 MB
Free:	1195.75 MB

2021-06-29 15:43:59,726:INFO:
GPU usage after clearing the image 384x384...

Total:	2004.5 MB
Used:	808.75 MB
Free:	1195.75 MB

2021-06-29 15:43:59,726:INFO:
Testing dimension: 320x320 ...
2021-06-29 15:43:59,727:INFO:
GPU usage before loading the image 320x320...

Total:	2004.5 MB
Used:	808.75 MB
Free:	1195.75 MB

2021-06-29 15:44:04,519:ERROR:
Dimension NOT OK!

2021-06-29 15:44:04,519:INFO:
GPU usage after dimension exception...

Total:	2004.5 MB
Used:	809.125 MB
Free:	1195.375 MB

2021-06-29 15:44:04,520:INFO:
GPU usage after clearing the image 320x320...

Total:	2004.5 MB
Used:	809.125 MB
Free:	1195.375 MB

2021-06-29 15:44:04,520:INFO:
Testing dimension: 288x288 ...
2021-06-29 15:44:04,520:INFO:
GPU usage before loading the image 288x288...

Total:	2004.5 MB
Used:	809.125 MB
Free:	1195.375 MB

2021-06-29 15:44:09,140:ERROR:
Dimension NOT OK!

2021-06-29 15:44:09,140:INFO:
GPU usage after dimension exception...

Total:	2004.5 MB
Used:	809.625 MB
Free:	1194.875 MB

2021-06-29 15:44:09,141:INFO:
GPU usage after clearing the image 288x288...

Total:	2004.5 MB
Used:	809.625 MB
Free:	1194.875 MB

2021-06-29 15:44:09,141:INFO:
Testing dimension: 272x272 ...
2021-06-29 15:44:09,141:INFO:
GPU usage before loading the image 272x272...

Total:	2004.5 MB
Used:	809.625 MB
Free:	1194.875 MB

2021-06-29 15:44:13,790:ERROR:
Dimension NOT OK!

2021-06-29 15:44:13,791:INFO:
GPU usage after dimension exception...

Total:	2004.5 MB
Used:	808.875 MB
Free:	1195.625 MB

2021-06-29 15:44:13,791:INFO:
GPU usage after clearing the image 272x272...

Total:	2004.5 MB
Used:	808.875 MB
Free:	1195.625 MB

2021-06-29 15:44:13,791:INFO:
Testing dimension: 264x264 ...
2021-06-29 15:44:13,791:INFO:
GPU usage before loading the image 264x264...

Total:	2004.5 MB
Used:	808.875 MB
Free:	1195.625 MB

2021-06-29 15:44:18,399:ERROR:
Dimension NOT OK!

2021-06-29 15:44:18,400:INFO:
GPU usage after dimension exception...

Total:	2004.5 MB
Used:	809.125 MB
Free:	1195.375 MB

2021-06-29 15:44:18,400:INFO:
GPU usage after clearing the image 264x264...

Total:	2004.5 MB
Used:	809.125 MB
Free:	1195.375 MB

2021-06-29 15:44:18,400:INFO:
Testing dimension: 260x260 ...
2021-06-29 15:44:18,400:INFO:
GPU usage before loading the image 260x260...

Total:	2004.5 MB
Used:	809.125 MB
Free:	1195.375 MB

2021-06-29 15:44:22,564:INFO:
GPU usage after loading the image 260x260...

Total:	2004.5 MB
Used:	1989.625 MB
Free:	14.875 MB

2021-06-29 15:44:22,661:INFO:
GPU usage after clearing the image 260x260...

Total:	2004.5 MB
Used:	1439.625 MB
Free:	564.875 MB

2021-06-29 15:44:23,014:INFO:
Dimension ok!

2021-06-29 15:44:23,014:INFO:
Testing dimension: 262x262 ...
2021-06-29 15:44:23,014:INFO:
GPU usage before loading the image 262x262...

Total:	2004.5 MB
Used:	808.875 MB
Free:	1195.625 MB

2021-06-29 15:44:27,204:INFO:
GPU usage after loading the image 262x262...

Total:	2004.5 MB
Used:	1997.625 MB
Free:	6.875 MB

2021-06-29 15:44:27,302:INFO:
GPU usage after clearing the image 262x262...

Total:	2004.5 MB
Used:	1439.625 MB
Free:	564.875 MB

2021-06-29 15:44:27,674:INFO:
Dimension ok!

2021-06-29 15:44:27,675:INFO:
Testing dimension: 263x263 ...
2021-06-29 15:44:27,675:INFO:
GPU usage before loading the image 263x263...

Total:	2004.5 MB
Used:	808.875 MB
Free:	1195.625 MB

2021-06-29 15:44:31,860:INFO:
GPU usage after loading the image 263x263...

Total:	2004.5 MB
Used:	2001.625 MB
Free:	2.875 MB

2021-06-29 15:44:31,958:INFO:
GPU usage after clearing the image 263x263...

Total:	2004.5 MB
Used:	1439.625 MB
Free:	564.875 MB

2021-06-29 15:44:32,311:INFO:
Dimension ok!

2021-06-29 15:44:32,312:INFO:
Testing dimension: 263x263 ...
2021-06-29 15:44:32,312:INFO:
GPU usage before loading the image 263x263...

Total:	2004.5 MB
Used:	808.875 MB
Free:	1195.625 MB

2021-06-29 15:44:33,854:INFO:GPU stat before dimension: 263
Total:	2004.5 MB
Used:	207.125 MB
Free:	1797.375 MB

2021-06-29 15:45:10,961:INFO:Error: Dimension: 263, Batch size : 2
2021-06-29 15:45:10,961:INFO:GPU stat after batch size error:
Total:	2004.5 MB
Used:	207.125 MB
Free:	1797.375 MB

2021-06-29 15:45:10,962:INFO:GPU stat before dimension: 262
Total:	2004.5 MB
Used:	207.125 MB
Free:	1797.375 MB

2021-06-29 15:47:24,463:INFO:
Device: cuda	Device name: GeForce GTX 860M	Total memory: 2004.5
2021-06-29 15:47:24,464:INFO:Before loading model: 
Total:	2004.5 MB
Used:	214.0 MB
Free:	1790.5 MB

2021-06-29 15:47:27,192:INFO:After loading model: 
Total:	2004.5 MB
Used:	819.75 MB
Free:	1184.75 MB

2021-06-29 15:47:27,192:INFO:
Testing dimension: 2x2 ...
2021-06-29 15:47:27,192:INFO:
GPU usage before loading the image 2x2...

Total:	2004.5 MB
Used:	819.75 MB
Free:	1184.75 MB

2021-06-29 15:47:31,053:INFO:
GPU usage after loading the image 2x2...

Total:	2004.5 MB
Used:	1436.5 MB
Free:	568.0 MB

2021-06-29 15:47:31,054:INFO:
GPU usage after clearing the image 2x2...

Total:	2004.5 MB
Used:	1430.5 MB
Free:	574.0 MB

2021-06-29 15:47:31,407:INFO:
Dimension ok!

2021-06-29 15:47:31,408:INFO:
Testing dimension: 4x4 ...
2021-06-29 15:47:31,408:INFO:
GPU usage before loading the image 4x4...

Total:	2004.5 MB
Used:	819.75 MB
Free:	1184.75 MB

2021-06-29 15:47:35,263:INFO:
GPU usage after loading the image 4x4...

Total:	2004.5 MB
Used:	1436.5 MB
Free:	568.0 MB

2021-06-29 15:47:35,265:INFO:
GPU usage after clearing the image 4x4...

Total:	2004.5 MB
Used:	1430.5 MB
Free:	574.0 MB

2021-06-29 15:47:35,615:INFO:
Dimension ok!

2021-06-29 15:47:35,616:INFO:
Testing dimension: 8x8 ...
2021-06-29 15:47:35,616:INFO:
GPU usage before loading the image 8x8...

Total:	2004.5 MB
Used:	819.75 MB
Free:	1184.75 MB

2021-06-29 15:47:39,467:INFO:
GPU usage after loading the image 8x8...

Total:	2004.5 MB
Used:	1456.5 MB
Free:	548.0 MB

2021-06-29 15:47:39,470:INFO:
GPU usage after clearing the image 8x8...

Total:	2004.5 MB
Used:	1430.5 MB
Free:	574.0 MB

2021-06-29 15:47:39,826:INFO:
Dimension ok!

2021-06-29 15:47:39,826:INFO:
Testing dimension: 16x16 ...
2021-06-29 15:47:39,827:INFO:
GPU usage before loading the image 16x16...

Total:	2004.5 MB
Used:	819.75 MB
Free:	1184.75 MB

2021-06-29 15:47:43,686:INFO:
GPU usage after loading the image 16x16...

Total:	2004.5 MB
Used:	1456.5 MB
Free:	548.0 MB

2021-06-29 15:47:43,689:INFO:
GPU usage after clearing the image 16x16...

Total:	2004.5 MB
Used:	1430.5 MB
Free:	574.0 MB

2021-06-29 15:47:44,041:INFO:
Dimension ok!

2021-06-29 15:47:44,042:INFO:
Testing dimension: 32x32 ...
2021-06-29 15:47:44,042:INFO:
GPU usage before loading the image 32x32...

Total:	2004.5 MB
Used:	819.75 MB
Free:	1184.75 MB

2021-06-29 15:47:47,891:INFO:
GPU usage after loading the image 32x32...

Total:	2004.5 MB
Used:	1456.5 MB
Free:	548.0 MB

2021-06-29 15:47:47,894:INFO:
GPU usage after clearing the image 32x32...

Total:	2004.5 MB
Used:	1432.5 MB
Free:	572.0 MB

2021-06-29 15:47:48,251:INFO:
Dimension ok!

2021-06-29 15:47:48,252:INFO:
Testing dimension: 64x64 ...
2021-06-29 15:47:48,252:INFO:
GPU usage before loading the image 64x64...

Total:	2004.5 MB
Used:	819.75 MB
Free:	1184.75 MB

2021-06-29 15:47:52,115:INFO:
GPU usage after loading the image 64x64...

Total:	2004.5 MB
Used:	1472.5 MB
Free:	532.0 MB

2021-06-29 15:47:52,144:INFO:
GPU usage after clearing the image 64x64...

Total:	2004.5 MB
Used:	1432.5 MB
Free:	572.0 MB

2021-06-29 15:47:52,496:INFO:
Dimension ok!

2021-06-29 15:47:52,496:INFO:
Testing dimension: 128x128 ...
2021-06-29 15:47:52,496:INFO:
GPU usage before loading the image 128x128...

Total:	2004.5 MB
Used:	819.75 MB
Free:	1184.75 MB

2021-06-29 15:47:56,377:INFO:
GPU usage after loading the image 128x128...

Total:	2004.5 MB
Used:	1616.5 MB
Free:	388.0 MB

2021-06-29 15:47:56,491:INFO:
GPU usage after clearing the image 128x128...

Total:	2004.5 MB
Used:	1452.5 MB
Free:	552.0 MB

2021-06-29 15:47:56,841:INFO:
Dimension ok!

2021-06-29 15:47:56,841:INFO:
Testing dimension: 256x256 ...
2021-06-29 15:47:56,842:INFO:
GPU usage before loading the image 256x256...

Total:	2004.5 MB
Used:	819.75 MB
Free:	1184.75 MB

2021-06-29 15:48:01,024:INFO:
GPU usage after loading the image 256x256...

Total:	2004.5 MB
Used:	1976.5 MB
Free:	28.0 MB

2021-06-29 15:48:01,117:INFO:
GPU usage after clearing the image 256x256...

Total:	2004.5 MB
Used:	1448.5 MB
Free:	556.0 MB

2021-06-29 15:48:01,484:INFO:
Dimension ok!

2021-06-29 15:48:01,484:INFO:
Testing dimension: 512x512 ...
2021-06-29 15:48:01,484:INFO:
GPU usage before loading the image 512x512...

Total:	2004.5 MB
Used:	819.75 MB
Free:	1184.75 MB

2021-06-29 15:48:06,534:ERROR:
Dimension NOT OK!

2021-06-29 15:48:06,535:INFO:
GPU usage after dimension exception...

Total:	2004.5 MB
Used:	820.0 MB
Free:	1184.5 MB

2021-06-29 15:48:06,562:INFO:
GPU usage after clearing the image 512x512...

Total:	2004.5 MB
Used:	814.0 MB
Free:	1190.5 MB

2021-06-29 15:48:06,562:INFO:
Testing dimension: 512x512 ...
2021-06-29 15:48:06,563:INFO:
GPU usage before loading the image 512x512...

Total:	2004.5 MB
Used:	814.0 MB
Free:	1190.5 MB

2021-06-29 15:48:11,706:ERROR:
Dimension NOT OK!

2021-06-29 15:48:11,706:INFO:
GPU usage after dimension exception...

Total:	2004.5 MB
Used:	814.0 MB
Free:	1190.5 MB

2021-06-29 15:48:11,707:INFO:
GPU usage after clearing the image 512x512...

Total:	2004.5 MB
Used:	814.0 MB
Free:	1190.5 MB

2021-06-29 15:48:11,707:INFO:
Testing dimension: 256x256 ...
2021-06-29 15:48:11,707:INFO:
GPU usage before loading the image 256x256...

Total:	2004.5 MB
Used:	814.0 MB
Free:	1190.5 MB

2021-06-29 15:48:15,856:INFO:
GPU usage after loading the image 256x256...

Total:	2004.5 MB
Used:	1970.75 MB
Free:	33.75 MB

2021-06-29 15:48:15,949:INFO:
GPU usage after clearing the image 256x256...

Total:	2004.5 MB
Used:	1442.75 MB
Free:	561.75 MB

2021-06-29 15:48:16,301:INFO:
Dimension ok!

2021-06-29 15:48:16,302:INFO:
Testing dimension: 384x384 ...
2021-06-29 15:48:16,302:INFO:
GPU usage before loading the image 384x384...

Total:	2004.5 MB
Used:	814.0 MB
Free:	1190.5 MB

2021-06-29 15:48:21,039:ERROR:
Dimension NOT OK!

2021-06-29 15:48:21,039:INFO:
GPU usage after dimension exception...

Total:	2004.5 MB
Used:	814.25 MB
Free:	1190.25 MB

2021-06-29 15:48:21,040:INFO:
GPU usage after clearing the image 384x384...

Total:	2004.5 MB
Used:	814.25 MB
Free:	1190.25 MB

2021-06-29 15:48:21,040:INFO:
Testing dimension: 320x320 ...
2021-06-29 15:48:21,040:INFO:
GPU usage before loading the image 320x320...

Total:	2004.5 MB
Used:	814.25 MB
Free:	1190.25 MB

2021-06-29 15:48:25,782:ERROR:
Dimension NOT OK!

2021-06-29 15:48:25,783:INFO:
GPU usage after dimension exception...

Total:	2004.5 MB
Used:	814.25 MB
Free:	1190.25 MB

2021-06-29 15:48:25,783:INFO:
GPU usage after clearing the image 320x320...

Total:	2004.5 MB
Used:	814.25 MB
Free:	1190.25 MB

2021-06-29 15:48:25,784:INFO:
Testing dimension: 288x288 ...
2021-06-29 15:48:25,784:INFO:
GPU usage before loading the image 288x288...

Total:	2004.5 MB
Used:	814.25 MB
Free:	1190.25 MB

2021-06-29 15:48:30,364:ERROR:
Dimension NOT OK!

2021-06-29 15:48:30,365:INFO:
GPU usage after dimension exception...

Total:	2004.5 MB
Used:	814.25 MB
Free:	1190.25 MB

2021-06-29 15:48:30,365:INFO:
GPU usage after clearing the image 288x288...

Total:	2004.5 MB
Used:	814.25 MB
Free:	1190.25 MB

2021-06-29 15:48:30,365:INFO:
Testing dimension: 272x272 ...
2021-06-29 15:48:30,366:INFO:
GPU usage before loading the image 272x272...

Total:	2004.5 MB
Used:	814.25 MB
Free:	1190.25 MB

2021-06-29 15:48:34,964:ERROR:
Dimension NOT OK!

2021-06-29 15:48:34,965:INFO:
GPU usage after dimension exception...

Total:	2004.5 MB
Used:	814.25 MB
Free:	1190.25 MB

2021-06-29 15:48:34,965:INFO:
GPU usage after clearing the image 272x272...

Total:	2004.5 MB
Used:	814.25 MB
Free:	1190.25 MB

2021-06-29 15:48:34,965:INFO:
Testing dimension: 264x264 ...
2021-06-29 15:48:34,966:INFO:
GPU usage before loading the image 264x264...

Total:	2004.5 MB
Used:	814.25 MB
Free:	1190.25 MB

2021-06-29 15:48:39,524:ERROR:
Dimension NOT OK!

2021-06-29 15:48:39,524:INFO:
GPU usage after dimension exception...

Total:	2004.5 MB
Used:	814.25 MB
Free:	1190.25 MB

2021-06-29 15:48:39,525:INFO:
GPU usage after clearing the image 264x264...

Total:	2004.5 MB
Used:	814.25 MB
Free:	1190.25 MB

2021-06-29 15:48:39,525:INFO:
Testing dimension: 260x260 ...
2021-06-29 15:48:39,525:INFO:
GPU usage before loading the image 260x260...

Total:	2004.5 MB
Used:	814.25 MB
Free:	1190.25 MB

2021-06-29 15:48:43,708:INFO:
GPU usage after loading the image 260x260...

Total:	2004.5 MB
Used:	1995.0 MB
Free:	9.5 MB

2021-06-29 15:48:43,805:INFO:
GPU usage after clearing the image 260x260...

Total:	2004.5 MB
Used:	1445.0 MB
Free:	559.5 MB

2021-06-29 15:48:44,215:INFO:
Dimension ok!

2021-06-29 15:48:44,216:INFO:
Testing dimension: 262x262 ...
2021-06-29 15:48:44,216:INFO:
GPU usage before loading the image 262x262...

Total:	2004.5 MB
Used:	814.25 MB
Free:	1190.25 MB

2021-06-29 15:48:48,396:INFO:
GPU usage after loading the image 262x262...

Total:	2004.5 MB
Used:	2003.0 MB
Free:	1.5 MB

2021-06-29 15:48:48,491:INFO:
GPU usage after clearing the image 262x262...

Total:	2004.5 MB
Used:	1445.0 MB
Free:	559.5 MB

2021-06-29 15:48:48,843:INFO:
Dimension ok!

2021-06-29 15:48:48,843:INFO:
Testing dimension: 263x263 ...
2021-06-29 15:48:48,844:INFO:
GPU usage before loading the image 263x263...

Total:	2004.5 MB
Used:	814.25 MB
Free:	1190.25 MB

2021-06-29 15:48:53,393:ERROR:
Dimension NOT OK!

2021-06-29 15:48:53,393:INFO:
GPU usage after dimension exception...

Total:	2004.5 MB
Used:	814.25 MB
Free:	1190.25 MB

2021-06-29 15:48:53,394:INFO:
GPU usage after clearing the image 263x263...

Total:	2004.5 MB
Used:	814.25 MB
Free:	1190.25 MB

2021-06-29 15:48:53,394:INFO:
Testing dimension: 262x262 ...
2021-06-29 15:48:53,394:INFO:
GPU usage before loading the image 262x262...

Total:	2004.5 MB
Used:	814.25 MB
Free:	1190.25 MB

2021-06-29 15:48:55,034:INFO:GPU stat before dimension: 262
Total:	2004.5 MB
Used:	212.5 MB
Free:	1792.0 MB

2021-06-29 15:49:31,881:INFO:Error: Dimension: 262, Batch size : 2
2021-06-29 15:49:31,881:INFO:GPU stat after batch size error:
Total:	2004.5 MB
Used:	212.5 MB
Free:	1792.0 MB

2021-06-29 15:49:31,882:INFO:GPU stat before dimension: 261
Total:	2004.5 MB
Used:	212.5 MB
Free:	1792.0 MB

2021-06-29 15:49:48,918:INFO:Error: Dimension: 261, Batch size : 2
2021-06-29 15:49:48,918:INFO:GPU stat after batch size error:
Total:	2004.5 MB
Used:	212.5 MB
Free:	1792.0 MB

2021-06-29 15:49:48,919:INFO:GPU stat before dimension: 260
Total:	2004.5 MB
Used:	212.5 MB
Free:	1792.0 MB

2021-06-29 15:50:05,772:INFO:Error: Dimension: 260, Batch size : 2
2021-06-29 15:50:05,773:INFO:GPU stat after batch size error:
Total:	2004.5 MB
Used:	212.5 MB
Free:	1792.0 MB

2021-06-29 15:50:05,774:INFO:GPU stat before dimension: 259
Total:	2004.5 MB
Used:	212.5 MB
Free:	1792.0 MB

2021-06-29 15:50:22,750:INFO:Error: Dimension: 259, Batch size : 2
2021-06-29 15:50:22,750:INFO:GPU stat after batch size error:
Total:	2004.5 MB
Used:	212.5 MB
Free:	1792.0 MB

2021-06-29 15:50:22,751:INFO:GPU stat before dimension: 258
Total:	2004.5 MB
Used:	212.5 MB
Free:	1792.0 MB

2021-06-29 15:50:39,695:INFO:Error: Dimension: 258, Batch size : 2
2021-06-29 15:50:39,696:INFO:GPU stat after batch size error:
Total:	2004.5 MB
Used:	212.5 MB
Free:	1792.0 MB

2021-06-29 15:50:39,697:INFO:GPU stat before dimension: 257
Total:	2004.5 MB
Used:	212.5 MB
Free:	1792.0 MB

2021-06-29 15:50:56,683:INFO:Error: Dimension: 257, Batch size : 2
2021-06-29 15:50:56,683:INFO:GPU stat after batch size error:
Total:	2004.5 MB
Used:	212.5 MB
Free:	1792.0 MB

2021-06-29 15:50:56,684:INFO:GPU stat before dimension: 256
Total:	2004.5 MB
Used:	212.5 MB
Free:	1792.0 MB

2021-06-29 15:51:13,043:INFO:Error: Dimension: 256, Batch size : 2
2021-06-29 15:51:13,043:INFO:GPU stat after batch size error:
Total:	2004.5 MB
Used:	212.5 MB
Free:	1792.0 MB

2021-06-29 15:51:13,044:INFO:GPU stat before dimension: 255
Total:	2004.5 MB
Used:	212.5 MB
Free:	1792.0 MB

2021-06-29 15:51:29,445:INFO:Error: Dimension: 255, Batch size : 2
2021-06-29 15:51:29,446:INFO:GPU stat after batch size error:
Total:	2004.5 MB
Used:	212.5 MB
Free:	1792.0 MB

2021-06-29 15:51:29,447:INFO:GPU stat before dimension: 254
Total:	2004.5 MB
Used:	212.5 MB
Free:	1792.0 MB

2021-06-29 15:51:45,869:INFO:Error: Dimension: 254, Batch size : 2
2021-06-29 15:51:45,870:INFO:GPU stat after batch size error:
Total:	2004.5 MB
Used:	212.5 MB
Free:	1792.0 MB

2021-06-29 15:51:45,871:INFO:GPU stat before dimension: 253
Total:	2004.5 MB
Used:	212.5 MB
Free:	1792.0 MB

2021-06-29 15:52:02,333:INFO:Error: Dimension: 253, Batch size : 2
2021-06-29 15:52:02,333:INFO:GPU stat after batch size error:
Total:	2004.5 MB
Used:	212.5 MB
Free:	1792.0 MB

2021-06-29 15:52:02,334:INFO:GPU stat before dimension: 252
Total:	2004.5 MB
Used:	212.5 MB
Free:	1792.0 MB

2021-06-29 15:52:18,790:INFO:Error: Dimension: 252, Batch size : 2
2021-06-29 15:52:18,791:INFO:GPU stat after batch size error:
Total:	2004.5 MB
Used:	212.625 MB
Free:	1791.875 MB

2021-06-29 15:52:18,791:INFO:GPU stat before dimension: 251
Total:	2004.5 MB
Used:	212.625 MB
Free:	1791.875 MB

2021-06-29 15:52:35,101:INFO:Error: Dimension: 251, Batch size : 2
2021-06-29 15:52:35,102:INFO:GPU stat after batch size error:
Total:	2004.5 MB
Used:	212.625 MB
Free:	1791.875 MB

2021-06-29 15:52:35,103:INFO:GPU stat before dimension: 250
Total:	2004.5 MB
Used:	212.625 MB
Free:	1791.875 MB

2021-06-29 15:52:51,307:INFO:Error: Dimension: 250, Batch size : 2
2021-06-29 15:52:51,308:INFO:GPU stat after batch size error:
Total:	2004.5 MB
Used:	212.625 MB
Free:	1791.875 MB

2021-06-29 15:52:51,309:INFO:GPU stat before dimension: 249
Total:	2004.5 MB
Used:	212.625 MB
Free:	1791.875 MB

2021-06-29 15:53:07,545:INFO:Error: Dimension: 249, Batch size : 2
2021-06-29 15:53:07,546:INFO:GPU stat after batch size error:
Total:	2004.5 MB
Used:	217.875 MB
Free:	1786.625 MB

2021-06-29 15:53:07,547:INFO:GPU stat before dimension: 248
Total:	2004.5 MB
Used:	217.875 MB
Free:	1786.625 MB

2021-06-29 15:53:23,676:INFO:Error: Dimension: 248, Batch size : 2
2021-06-29 15:53:23,676:INFO:GPU stat after batch size error:
Total:	2004.5 MB
Used:	206.25 MB
Free:	1798.25 MB

2021-06-29 15:53:23,677:INFO:GPU stat before dimension: 247
Total:	2004.5 MB
Used:	206.25 MB
Free:	1798.25 MB

2021-06-29 15:53:39,731:INFO:Error: Dimension: 247, Batch size : 2
2021-06-29 15:53:39,731:INFO:GPU stat after batch size error:
Total:	2004.5 MB
Used:	206.25 MB
Free:	1798.25 MB

2021-06-29 15:53:39,732:INFO:GPU stat before dimension: 246
Total:	2004.5 MB
Used:	206.25 MB
Free:	1798.25 MB

2021-06-29 15:53:55,627:INFO:Error: Dimension: 246, Batch size : 2
2021-06-29 15:53:55,627:INFO:GPU stat after batch size error:
Total:	2004.5 MB
Used:	206.25 MB
Free:	1798.25 MB

2021-06-29 15:53:55,628:INFO:GPU stat before dimension: 245
Total:	2004.5 MB
Used:	206.25 MB
Free:	1798.25 MB

2021-06-29 15:54:11,804:INFO:Error: Dimension: 245, Batch size : 2
2021-06-29 15:54:11,805:INFO:GPU stat after batch size error:
Total:	2004.5 MB
Used:	206.25 MB
Free:	1798.25 MB

2021-06-29 15:54:11,805:INFO:GPU stat before dimension: 244
Total:	2004.5 MB
Used:	206.25 MB
Free:	1798.25 MB

2021-06-29 15:54:27,692:INFO:Error: Dimension: 244, Batch size : 2
2021-06-29 15:54:27,693:INFO:GPU stat after batch size error:
Total:	2004.5 MB
Used:	206.25 MB
Free:	1798.25 MB

2021-06-29 15:54:27,694:INFO:GPU stat before dimension: 243
Total:	2004.5 MB
Used:	206.25 MB
Free:	1798.25 MB

2021-06-29 15:54:43,635:INFO:Error: Dimension: 243, Batch size : 2
2021-06-29 15:54:43,635:INFO:GPU stat after batch size error:
Total:	2004.5 MB
Used:	206.25 MB
Free:	1798.25 MB

2021-06-29 15:54:43,636:INFO:GPU stat before dimension: 242
Total:	2004.5 MB
Used:	206.25 MB
Free:	1798.25 MB

2021-06-29 15:54:59,565:INFO:Error: Dimension: 242, Batch size : 2
2021-06-29 15:54:59,565:INFO:GPU stat after batch size error:
Total:	2004.5 MB
Used:	206.25 MB
Free:	1798.25 MB

2021-06-29 15:54:59,566:INFO:GPU stat before dimension: 241
Total:	2004.5 MB
Used:	206.25 MB
Free:	1798.25 MB

2021-06-29 15:55:15,565:INFO:Error: Dimension: 241, Batch size : 2
2021-06-29 15:55:15,566:INFO:GPU stat after batch size error:
Total:	2004.5 MB
Used:	206.25 MB
Free:	1798.25 MB

2021-06-29 15:55:15,566:INFO:GPU stat before dimension: 240
Total:	2004.5 MB
Used:	206.25 MB
Free:	1798.25 MB

2021-06-29 15:55:31,021:INFO:Error: Dimension: 240, Batch size : 2
2021-06-29 15:55:31,022:INFO:GPU stat after batch size error:
Total:	2004.5 MB
Used:	206.25 MB
Free:	1798.25 MB

2021-06-29 15:55:31,022:INFO:GPU stat before dimension: 239
Total:	2004.5 MB
Used:	206.25 MB
Free:	1798.25 MB

2021-06-29 15:55:46,459:INFO:Error: Dimension: 239, Batch size : 2
2021-06-29 15:55:46,460:INFO:GPU stat after batch size error:
Total:	2004.5 MB
Used:	206.25 MB
Free:	1798.25 MB

2021-06-29 15:55:46,460:INFO:GPU stat before dimension: 238
Total:	2004.5 MB
Used:	206.25 MB
Free:	1798.25 MB

2021-06-29 15:56:01,968:INFO:Error: Dimension: 238, Batch size : 2
2021-06-29 15:56:01,969:INFO:GPU stat after batch size error:
Total:	2004.5 MB
Used:	206.25 MB
Free:	1798.25 MB

2021-06-29 15:56:01,970:INFO:GPU stat before dimension: 237
Total:	2004.5 MB
Used:	206.25 MB
Free:	1798.25 MB

2021-06-29 15:56:17,504:INFO:Error: Dimension: 237, Batch size : 2
2021-06-29 15:56:17,505:INFO:GPU stat after batch size error:
Total:	2004.5 MB
Used:	206.25 MB
Free:	1798.25 MB

2021-06-29 15:56:17,506:INFO:GPU stat before dimension: 236
Total:	2004.5 MB
Used:	206.25 MB
Free:	1798.25 MB

2021-06-29 15:59:40,632:INFO:
Device: cuda	Device name: GeForce GTX 860M	Total memory: 2004.5
2021-06-29 15:59:40,633:INFO:Before loading model: 
Total:	2004.5 MB
Used:	219.0 MB
Free:	1785.5 MB

2021-06-29 15:59:43,369:INFO:After loading model: 
Total:	2004.5 MB
Used:	824.75 MB
Free:	1179.75 MB

2021-06-29 15:59:43,369:INFO:
Testing dimension: 2x2 ...
2021-06-29 15:59:43,369:INFO:
GPU usage before loading the image 2x2...

Total:	2004.5 MB
Used:	824.75 MB
Free:	1179.75 MB

2021-06-29 15:59:47,212:INFO:
GPU usage after loading the image 2x2...

Total:	2004.5 MB
Used:	1441.5 MB
Free:	563.0 MB

2021-06-29 15:59:47,213:INFO:
GPU usage after clearing the image 2x2...

Total:	2004.5 MB
Used:	1435.5 MB
Free:	569.0 MB

2021-06-29 15:59:47,581:INFO:
Dimension ok!

2021-06-29 15:59:47,581:INFO:
Testing dimension: 4x4 ...
2021-06-29 15:59:47,582:INFO:
GPU usage before loading the image 4x4...

Total:	2004.5 MB
Used:	824.75 MB
Free:	1179.75 MB

2021-06-29 15:59:51,456:INFO:
GPU usage after loading the image 4x4...

Total:	2004.5 MB
Used:	1441.5 MB
Free:	563.0 MB

2021-06-29 15:59:51,458:INFO:
GPU usage after clearing the image 4x4...

Total:	2004.5 MB
Used:	1435.5 MB
Free:	569.0 MB

2021-06-29 15:59:51,811:INFO:
Dimension ok!

2021-06-29 15:59:51,812:INFO:
Testing dimension: 8x8 ...
2021-06-29 15:59:51,812:INFO:
GPU usage before loading the image 8x8...

Total:	2004.5 MB
Used:	824.75 MB
Free:	1179.75 MB

2021-06-29 15:59:55,670:INFO:
GPU usage after loading the image 8x8...

Total:	2004.5 MB
Used:	1461.5 MB
Free:	543.0 MB

2021-06-29 15:59:55,674:INFO:
GPU usage after clearing the image 8x8...

Total:	2004.5 MB
Used:	1435.5 MB
Free:	569.0 MB

2021-06-29 15:59:56,022:INFO:
Dimension ok!

2021-06-29 15:59:56,022:INFO:
Testing dimension: 16x16 ...
2021-06-29 15:59:56,023:INFO:
GPU usage before loading the image 16x16...

Total:	2004.5 MB
Used:	824.75 MB
Free:	1179.75 MB

2021-06-29 15:59:59,901:INFO:
GPU usage after loading the image 16x16...

Total:	2004.5 MB
Used:	1461.5 MB
Free:	543.0 MB

2021-06-29 15:59:59,910:INFO:
GPU usage after clearing the image 16x16...

Total:	2004.5 MB
Used:	1435.5 MB
Free:	569.0 MB

2021-06-29 16:00:00,271:INFO:
Dimension ok!

2021-06-29 16:00:00,271:INFO:
Testing dimension: 32x32 ...
2021-06-29 16:00:00,272:INFO:
GPU usage before loading the image 32x32...

Total:	2004.5 MB
Used:	824.75 MB
Free:	1179.75 MB

2021-06-29 16:00:04,121:INFO:
GPU usage after loading the image 32x32...

Total:	2004.5 MB
Used:	1461.5 MB
Free:	543.0 MB

2021-06-29 16:00:04,124:INFO:
GPU usage after clearing the image 32x32...

Total:	2004.5 MB
Used:	1437.5 MB
Free:	567.0 MB

2021-06-29 16:00:04,474:INFO:
Dimension ok!

2021-06-29 16:00:04,474:INFO:
Testing dimension: 64x64 ...
2021-06-29 16:00:04,475:INFO:
GPU usage before loading the image 64x64...

Total:	2004.5 MB
Used:	824.75 MB
Free:	1179.75 MB

2021-06-29 16:00:08,351:INFO:
GPU usage after loading the image 64x64...

Total:	2004.5 MB
Used:	1477.5 MB
Free:	527.0 MB

2021-06-29 16:00:08,380:INFO:
GPU usage after clearing the image 64x64...

Total:	2004.5 MB
Used:	1437.5 MB
Free:	567.0 MB

2021-06-29 16:00:08,732:INFO:
Dimension ok!

2021-06-29 16:00:08,733:INFO:
Testing dimension: 128x128 ...
2021-06-29 16:00:08,733:INFO:
GPU usage before loading the image 128x128...

Total:	2004.5 MB
Used:	824.75 MB
Free:	1179.75 MB

2021-06-29 16:00:12,656:INFO:
GPU usage after loading the image 128x128...

Total:	2004.5 MB
Used:	1621.5 MB
Free:	383.0 MB

2021-06-29 16:00:12,759:INFO:
GPU usage after clearing the image 128x128...

Total:	2004.5 MB
Used:	1457.5 MB
Free:	547.0 MB

2021-06-29 16:00:13,110:INFO:
Dimension ok!

2021-06-29 16:00:13,111:INFO:
Testing dimension: 256x256 ...
2021-06-29 16:00:13,111:INFO:
GPU usage before loading the image 256x256...

Total:	2004.5 MB
Used:	824.75 MB
Free:	1179.75 MB

2021-06-29 16:00:17,268:INFO:
GPU usage after loading the image 256x256...

Total:	2004.5 MB
Used:	1981.5 MB
Free:	23.0 MB

2021-06-29 16:00:17,353:INFO:
GPU usage after clearing the image 256x256...

Total:	2004.5 MB
Used:	1453.5 MB
Free:	551.0 MB

2021-06-29 16:00:17,729:INFO:
Dimension ok!

2021-06-29 16:00:17,729:INFO:
Testing dimension: 512x512 ...
2021-06-29 16:00:17,730:INFO:
GPU usage before loading the image 512x512...

Total:	2004.5 MB
Used:	824.75 MB
Free:	1179.75 MB

2021-06-29 16:00:22,787:ERROR:
Dimension NOT OK!

2021-06-29 16:00:22,788:INFO:
GPU usage after dimension exception...

Total:	2004.5 MB
Used:	824.75 MB
Free:	1179.75 MB

2021-06-29 16:00:22,807:INFO:
GPU usage after clearing the image 512x512...

Total:	2004.5 MB
Used:	818.75 MB
Free:	1185.75 MB

2021-06-29 16:00:22,808:INFO:
Testing dimension: 512x512 ...
2021-06-29 16:00:22,808:INFO:
GPU usage before loading the image 512x512...

Total:	2004.5 MB
Used:	818.75 MB
Free:	1185.75 MB

2021-06-29 16:00:27,877:ERROR:
Dimension NOT OK!

2021-06-29 16:00:27,878:INFO:
GPU usage after dimension exception...

Total:	2004.5 MB
Used:	818.75 MB
Free:	1185.75 MB

2021-06-29 16:00:27,878:INFO:
GPU usage after clearing the image 512x512...

Total:	2004.5 MB
Used:	818.75 MB
Free:	1185.75 MB

2021-06-29 16:00:27,878:INFO:
Testing dimension: 256x256 ...
2021-06-29 16:00:27,878:INFO:
GPU usage before loading the image 256x256...

Total:	2004.5 MB
Used:	818.75 MB
Free:	1185.75 MB

2021-06-29 16:00:32,072:INFO:
GPU usage after loading the image 256x256...

Total:	2004.5 MB
Used:	1975.5 MB
Free:	29.0 MB

2021-06-29 16:00:32,166:INFO:
GPU usage after clearing the image 256x256...

Total:	2004.5 MB
Used:	1447.5 MB
Free:	557.0 MB

2021-06-29 16:00:32,532:INFO:
Dimension ok!

2021-06-29 16:00:32,532:INFO:
Testing dimension: 384x384 ...
2021-06-29 16:00:32,533:INFO:
GPU usage before loading the image 384x384...

Total:	2004.5 MB
Used:	818.75 MB
Free:	1185.75 MB

2021-06-29 16:00:37,272:ERROR:
Dimension NOT OK!

2021-06-29 16:00:37,273:INFO:
GPU usage after dimension exception...

Total:	2004.5 MB
Used:	818.75 MB
Free:	1185.75 MB

2021-06-29 16:00:37,273:INFO:
GPU usage after clearing the image 384x384...

Total:	2004.5 MB
Used:	818.75 MB
Free:	1185.75 MB

2021-06-29 16:00:37,273:INFO:
Testing dimension: 320x320 ...
2021-06-29 16:00:37,274:INFO:
GPU usage before loading the image 320x320...

Total:	2004.5 MB
Used:	818.75 MB
Free:	1185.75 MB

2021-06-29 16:00:41,962:ERROR:
Dimension NOT OK!

2021-06-29 16:00:41,963:INFO:
GPU usage after dimension exception...

Total:	2004.5 MB
Used:	818.75 MB
Free:	1185.75 MB

2021-06-29 16:00:41,963:INFO:
GPU usage after clearing the image 320x320...

Total:	2004.5 MB
Used:	818.75 MB
Free:	1185.75 MB

2021-06-29 16:00:41,963:INFO:
Testing dimension: 288x288 ...
2021-06-29 16:00:41,964:INFO:
GPU usage before loading the image 288x288...

Total:	2004.5 MB
Used:	818.75 MB
Free:	1185.75 MB

2021-06-29 16:00:46,550:ERROR:
Dimension NOT OK!

2021-06-29 16:00:46,551:INFO:
GPU usage after dimension exception...

Total:	2004.5 MB
Used:	818.75 MB
Free:	1185.75 MB

2021-06-29 16:00:46,551:INFO:
GPU usage after clearing the image 288x288...

Total:	2004.5 MB
Used:	818.75 MB
Free:	1185.75 MB

2021-06-29 16:00:46,551:INFO:
Testing dimension: 272x272 ...
2021-06-29 16:00:46,552:INFO:
GPU usage before loading the image 272x272...

Total:	2004.5 MB
Used:	818.75 MB
Free:	1185.75 MB

2021-06-29 16:00:51,170:ERROR:
Dimension NOT OK!

2021-06-29 16:00:51,171:INFO:
GPU usage after dimension exception...

Total:	2004.5 MB
Used:	818.75 MB
Free:	1185.75 MB

2021-06-29 16:00:51,171:INFO:
GPU usage after clearing the image 272x272...

Total:	2004.5 MB
Used:	818.75 MB
Free:	1185.75 MB

2021-06-29 16:00:51,172:INFO:
Testing dimension: 264x264 ...
2021-06-29 16:00:51,173:INFO:
GPU usage before loading the image 264x264...

Total:	2004.5 MB
Used:	818.75 MB
Free:	1185.75 MB

2021-06-29 16:00:55,722:ERROR:
Dimension NOT OK!

2021-06-29 16:00:55,723:INFO:
GPU usage after dimension exception...

Total:	2004.5 MB
Used:	818.75 MB
Free:	1185.75 MB

2021-06-29 16:00:55,723:INFO:
GPU usage after clearing the image 264x264...

Total:	2004.5 MB
Used:	818.75 MB
Free:	1185.75 MB

2021-06-29 16:00:55,723:INFO:
Testing dimension: 260x260 ...
2021-06-29 16:00:55,724:INFO:
GPU usage before loading the image 260x260...

Total:	2004.5 MB
Used:	818.75 MB
Free:	1185.75 MB

2021-06-29 16:00:59,912:INFO:
GPU usage after loading the image 260x260...

Total:	2004.5 MB
Used:	1999.5 MB
Free:	5.0 MB

2021-06-29 16:00:59,997:INFO:
GPU usage after clearing the image 260x260...

Total:	2004.5 MB
Used:	1449.5 MB
Free:	555.0 MB

2021-06-29 16:01:00,360:INFO:
Dimension ok!

2021-06-29 16:01:00,360:INFO:
Testing dimension: 262x262 ...
2021-06-29 16:01:00,360:INFO:
GPU usage before loading the image 262x262...

Total:	2004.5 MB
Used:	818.75 MB
Free:	1185.75 MB

2021-06-29 16:01:04,912:ERROR:
Dimension NOT OK!

2021-06-29 16:01:04,913:INFO:
GPU usage after dimension exception...

Total:	2004.5 MB
Used:	818.75 MB
Free:	1185.75 MB

2021-06-29 16:01:04,913:INFO:
GPU usage after clearing the image 262x262...

Total:	2004.5 MB
Used:	818.75 MB
Free:	1185.75 MB

2021-06-29 16:01:04,913:INFO:
Testing dimension: 261x261 ...
2021-06-29 16:01:04,913:INFO:
GPU usage before loading the image 261x261...

Total:	2004.5 MB
Used:	818.75 MB
Free:	1185.75 MB

2021-06-29 16:01:09,088:INFO:
GPU usage after loading the image 261x261...

Total:	2004.5 MB
Used:	2003.5 MB
Free:	1.0 MB

2021-06-29 16:01:09,173:INFO:
GPU usage after clearing the image 261x261...

Total:	2004.5 MB
Used:	1449.5 MB
Free:	555.0 MB

2021-06-29 16:01:09,527:INFO:
Dimension ok!

2021-06-29 16:01:09,527:INFO:
Testing dimension: 261x261 ...
2021-06-29 16:01:09,527:INFO:
GPU usage before loading the image 261x261...

Total:	2004.5 MB
Used:	818.75 MB
Free:	1185.75 MB

2021-06-29 16:02:32,928:INFO:GPU stat before dimension: 100
Total:	2004.5 MB
Used:	217.125 MB
Free:	1787.375 MB

2021-06-29 16:02:41,571:INFO:Error: Dimension: 100, Batch size : 2
2021-06-29 16:02:41,572:INFO:GPU stat after batch size error:
Total:	2004.5 MB
Used:	217.125 MB
Free:	1787.375 MB

2021-06-29 16:02:41,573:INFO:GPU stat before dimension: 99
Total:	2004.5 MB
Used:	217.125 MB
Free:	1787.375 MB

