2021-06-03 13:53:05,699:INFO:
Device: cuda	Device name: GeForce GTX 860M	Total memory: 2004.5
2021-06-03 13:53:05,742:INFO:Before loading model: 
Total:	2004.5 MB
Used:	153.1875 MB
Free:	1851.3125 MB

2021-06-03 13:53:08,936:INFO:After loading model: 
Total:	2004.5 MB
Used:	761.0625 MB
Free:	1243.4375 MB

2021-06-03 13:53:08,937:INFO:
Testing dimension: 2x2 ...
2021-06-03 13:53:08,937:INFO:
GPU usage before loading the image 2x2...

Total:	2004.5 MB
Used:	761.0625 MB
Free:	1243.4375 MB

2021-06-03 13:53:15,047:INFO:
GPU usage after loading the image 2x2...

Total:	2004.5 MB
Used:	1380.9375 MB
Free:	623.5625 MB

2021-06-03 13:53:15,120:INFO:
GPU usage after clearing the iimage 2x2...

Total:	2004.5 MB
Used:	1374.9375 MB
Free:	629.5625 MB

2021-06-03 13:53:15,838:INFO:
Dimension ok!

2021-06-03 13:53:15,839:INFO:
Testing dimension: 4x4 ...
2021-06-03 13:53:15,840:INFO:
GPU usage before loading the image 4x4...

Total:	2004.5 MB
Used:	764.3125 MB
Free:	1240.1875 MB

2021-06-03 13:53:22,783:INFO:
GPU usage after loading the image 4x4...

Total:	2004.5 MB
Used:	1387.1875 MB
Free:	617.3125 MB

2021-06-03 13:53:22,822:INFO:
GPU usage after clearing the iimage 4x4...

Total:	2004.5 MB
Used:	1381.1875 MB
Free:	623.3125 MB

2021-06-03 13:53:23,331:INFO:
Dimension ok!

2021-06-03 13:53:23,331:INFO:
Testing dimension: 8x8 ...
2021-06-03 13:53:23,332:INFO:
GPU usage before loading the image 8x8...

Total:	2004.5 MB
Used:	770.5625 MB
Free:	1233.9375 MB

2021-06-03 13:53:27,888:INFO:
GPU usage after loading the image 8x8...

Total:	2004.5 MB
Used:	1406.1875 MB
Free:	598.3125 MB

2021-06-03 13:53:27,932:INFO:
GPU usage after clearing the iimage 8x8...

Total:	2004.5 MB
Used:	1380.1875 MB
Free:	624.3125 MB

2021-06-03 13:53:28,314:INFO:
Dimension ok!

2021-06-03 13:53:28,314:INFO:
Testing dimension: 16x16 ...
2021-06-03 13:53:28,314:INFO:
GPU usage before loading the image 16x16...

Total:	2004.5 MB
Used:	769.4375 MB
Free:	1235.0625 MB

2021-06-03 13:53:32,370:INFO:
GPU usage after loading the image 16x16...

Total:	2004.5 MB
Used:	1404.6875 MB
Free:	599.8125 MB

2021-06-03 13:53:32,411:INFO:
GPU usage after clearing the iimage 16x16...

Total:	2004.5 MB
Used:	1376.1875 MB
Free:	628.3125 MB

2021-06-03 13:53:32,778:INFO:
Dimension ok!

2021-06-03 13:53:32,779:INFO:
Testing dimension: 32x32 ...
2021-06-03 13:53:32,779:INFO:
GPU usage before loading the image 32x32...

Total:	2004.5 MB
Used:	765.4375 MB
Free:	1239.0625 MB

2021-06-03 13:53:36,827:INFO:
GPU usage after loading the image 32x32...

Total:	2004.5 MB
Used:	1401.1875 MB
Free:	603.3125 MB

2021-06-03 13:53:36,869:INFO:
GPU usage after clearing the iimage 32x32...

Total:	2004.5 MB
Used:	1377.1875 MB
Free:	627.3125 MB

2021-06-03 13:53:37,244:INFO:
Dimension ok!

2021-06-03 13:53:37,244:INFO:
Testing dimension: 64x64 ...
2021-06-03 13:53:37,244:INFO:
GPU usage before loading the image 64x64...

Total:	2004.5 MB
Used:	764.4375 MB
Free:	1240.0625 MB

2021-06-03 13:53:41,540:INFO:
GPU usage after loading the image 64x64...

Total:	2004.5 MB
Used:	1416.6875 MB
Free:	587.8125 MB

2021-06-03 13:53:41,592:INFO:
GPU usage after clearing the iimage 64x64...

Total:	2004.5 MB
Used:	1376.6875 MB
Free:	627.8125 MB

2021-06-03 13:53:41,990:INFO:
Dimension ok!

2021-06-03 13:53:41,990:INFO:
Testing dimension: 128x128 ...
2021-06-03 13:53:41,991:INFO:
GPU usage before loading the image 128x128...

Total:	2004.5 MB
Used:	765.6875 MB
Free:	1238.8125 MB

2021-06-03 13:53:46,088:INFO:
GPU usage after loading the image 128x128...

Total:	2004.5 MB
Used:	1562.6875 MB
Free:	441.8125 MB

2021-06-03 13:53:46,267:INFO:
GPU usage after clearing the iimage 128x128...

Total:	2004.5 MB
Used:	1396.9375 MB
Free:	607.5625 MB

2021-06-03 13:53:46,648:INFO:
Dimension ok!

2021-06-03 13:53:46,649:INFO:
Testing dimension: 256x256 ...
2021-06-03 13:53:46,649:INFO:
GPU usage before loading the image 256x256...

Total:	2004.5 MB
Used:	764.1875 MB
Free:	1240.3125 MB

2021-06-03 13:53:51,203:INFO:
GPU usage after loading the image 256x256...

Total:	2004.5 MB
Used:	1923.3125 MB
Free:	81.1875 MB

2021-06-03 13:53:51,349:INFO:
GPU usage after clearing the iimage 256x256...

Total:	2004.5 MB
Used:	1397.8125 MB
Free:	606.6875 MB

2021-06-03 13:53:51,837:INFO:
Dimension ok!

2021-06-03 13:53:51,838:INFO:
Testing dimension: 512x512 ...
2021-06-03 13:53:51,839:INFO:
GPU usage before loading the image 512x512...

Total:	2004.5 MB
Used:	770.4375 MB
Free:	1234.0625 MB

2021-06-03 13:53:57,750:ERROR:
Dimension NOT OK!

2021-06-03 13:53:57,750:INFO:
GPU usage after dimension exception...

Total:	2004.5 MB
Used:	771.0625 MB
Free:	1233.4375 MB

2021-06-03 13:53:57,809:INFO:
GPU usage after clearing the image 512x512...

Total:	2004.5 MB
Used:	765.0625 MB
Free:	1239.4375 MB

2021-06-03 13:53:57,844:INFO:
Testing dimension: 512x512 ...
2021-06-03 13:53:57,880:INFO:
GPU usage before loading the image 512x512...

Total:	2004.5 MB
Used:	765.0625 MB
Free:	1239.4375 MB

2021-06-03 13:54:03,398:ERROR:
Dimension NOT OK!

2021-06-03 13:54:03,399:INFO:
GPU usage after dimension exception...

Total:	2004.5 MB
Used:	755.6875 MB
Free:	1248.8125 MB

2021-06-03 13:54:03,399:INFO:
GPU usage after clearing the image 512x512...

Total:	2004.5 MB
Used:	755.6875 MB
Free:	1248.8125 MB

2021-06-03 13:54:03,446:INFO:
Testing dimension: 256x256 ...
2021-06-03 13:54:03,484:INFO:
GPU usage before loading the image 256x256...

Total:	2004.5 MB
Used:	755.6875 MB
Free:	1248.8125 MB

2021-06-03 13:54:07,928:INFO:
GPU usage after loading the image 256x256...

Total:	2004.5 MB
Used:	1910.4375 MB
Free:	94.0625 MB

2021-06-03 13:54:08,060:INFO:
GPU usage after clearing the iimage 256x256...

Total:	2004.5 MB
Used:	1382.4375 MB
Free:	622.0625 MB

2021-06-03 13:54:08,435:INFO:
Dimension ok!

2021-06-03 13:54:08,483:INFO:
Testing dimension: 384x384 ...
2021-06-03 13:54:08,519:INFO:
GPU usage before loading the image 384x384...

Total:	2004.5 MB
Used:	753.6875 MB
Free:	1250.8125 MB

2021-06-03 13:54:14,040:ERROR:
Dimension NOT OK!

2021-06-03 13:54:14,041:INFO:
GPU usage after dimension exception...

Total:	2004.5 MB
Used:	753.5625 MB
Free:	1250.9375 MB

2021-06-03 13:54:14,041:INFO:
GPU usage after clearing the image 384x384...

Total:	2004.5 MB
Used:	753.5625 MB
Free:	1250.9375 MB

2021-06-03 13:54:14,085:INFO:
Testing dimension: 320x320 ...
2021-06-03 13:54:14,121:INFO:
GPU usage before loading the image 320x320...

Total:	2004.5 MB
Used:	753.5625 MB
Free:	1250.9375 MB

2021-06-03 13:54:18,966:ERROR:
Dimension NOT OK!

2021-06-03 13:54:18,967:INFO:
GPU usage after dimension exception...

Total:	2004.5 MB
Used:	753.3125 MB
Free:	1251.1875 MB

2021-06-03 13:54:18,968:INFO:
GPU usage after clearing the image 320x320...

Total:	2004.5 MB
Used:	753.3125 MB
Free:	1251.1875 MB

2021-06-03 13:54:19,012:INFO:
Testing dimension: 288x288 ...
2021-06-03 13:54:19,048:INFO:
GPU usage before loading the image 288x288...

Total:	2004.5 MB
Used:	753.3125 MB
Free:	1251.1875 MB

2021-06-03 13:54:23,787:ERROR:
Dimension NOT OK!

2021-06-03 13:54:23,787:INFO:
GPU usage after dimension exception...

Total:	2004.5 MB
Used:	752.3125 MB
Free:	1252.1875 MB

2021-06-03 13:54:23,787:INFO:
GPU usage after clearing the image 288x288...

Total:	2004.5 MB
Used:	752.3125 MB
Free:	1252.1875 MB

2021-06-03 13:54:23,831:INFO:
Testing dimension: 272x272 ...
2021-06-03 13:54:23,867:INFO:
GPU usage before loading the image 272x272...

Total:	2004.5 MB
Used:	752.3125 MB
Free:	1252.1875 MB

2021-06-03 13:54:28,113:INFO:
GPU usage after loading the image 272x272...

Total:	2004.5 MB
Used:	1985.0625 MB
Free:	19.4375 MB

2021-06-03 13:54:28,268:INFO:
GPU usage after clearing the iimage 272x272...

Total:	2004.5 MB
Used:	1385.0625 MB
Free:	619.4375 MB

2021-06-03 13:54:28,642:INFO:
Dimension ok!

2021-06-03 13:54:28,689:INFO:
Testing dimension: 280x280 ...
2021-06-03 13:54:28,727:INFO:
GPU usage before loading the image 280x280...

Total:	2004.5 MB
Used:	752.0625 MB
Free:	1252.4375 MB

2021-06-03 13:54:33,501:ERROR:
Dimension NOT OK!

2021-06-03 13:54:33,502:INFO:
GPU usage after dimension exception...

Total:	2004.5 MB
Used:	751.1875 MB
Free:	1253.3125 MB

2021-06-03 13:54:33,502:INFO:
GPU usage after clearing the image 280x280...

Total:	2004.5 MB
Used:	751.1875 MB
Free:	1253.3125 MB

2021-06-03 13:54:33,547:INFO:
Testing dimension: 276x276 ...
2021-06-03 13:54:33,586:INFO:
GPU usage before loading the image 276x276...

Total:	2004.5 MB
Used:	751.1875 MB
Free:	1253.3125 MB

2021-06-03 13:54:38,265:INFO:
GPU usage after loading the image 276x276...

Total:	2004.5 MB
Used:	2001.1875 MB
Free:	3.3125 MB

2021-06-03 13:54:38,410:INFO:
GPU usage after clearing the iimage 276x276...

Total:	2004.5 MB
Used:	1385.1875 MB
Free:	619.3125 MB

2021-06-03 13:54:38,779:INFO:
Dimension ok!

2021-06-03 13:54:38,827:INFO:
Testing dimension: 278x278 ...
2021-06-03 13:54:38,865:INFO:
GPU usage before loading the image 278x278...

Total:	2004.5 MB
Used:	752.4375 MB
Free:	1252.0625 MB

2021-06-03 13:54:43,216:INFO:
GPU usage after loading the image 278x278...

Total:	2004.5 MB
Used:	2004.3125 MB
Free:	0.1875 MB

2021-06-03 13:54:43,361:INFO:
GPU usage after clearing the iimage 278x278...

Total:	2004.5 MB
Used:	1380.3125 MB
Free:	624.1875 MB

2021-06-03 13:54:43,720:INFO:
Dimension ok!

2021-06-03 13:54:43,767:INFO:
Testing dimension: 279x279 ...
2021-06-03 13:54:43,806:INFO:
GPU usage before loading the image 279x279...

Total:	2004.5 MB
Used:	747.5625 MB
Free:	1256.9375 MB

2021-06-03 13:54:48,356:ERROR:
Dimension NOT OK!

2021-06-03 13:54:48,357:INFO:
GPU usage after dimension exception...

Total:	2004.5 MB
Used:	746.6875 MB
Free:	1257.8125 MB

2021-06-03 13:54:48,357:INFO:
GPU usage after clearing the image 279x279...

Total:	2004.5 MB
Used:	746.6875 MB
Free:	1257.8125 MB

2021-06-03 13:54:48,402:INFO:
Testing dimension: 278x278 ...
2021-06-03 13:54:48,438:INFO:
GPU usage before loading the image 278x278...

Total:	2004.5 MB
Used:	746.6875 MB
Free:	1257.8125 MB

2021-06-03 13:54:50,150:INFO:
Device: cuda	Device name: GeForce GTX 860M	Total memory: 2004.5
2021-06-03 13:54:50,193:INFO:Before loading model: 
Total:	2004.5 MB
Used:	146.9375 MB
Free:	1857.5625 MB

2021-06-03 13:54:52,944:INFO:After loading model: 
Total:	2004.5 MB
Used:	753.1875 MB
Free:	1251.3125 MB

